2024-04-25T00:28:48.271Z 0: 

----------------------------------------------
2024-04-25T00:28:48.292Z 1: Discord starting: {"releaseChannel":"stable","version":"0.0.51"}, modulepath: /home/archvisions/.config/discord/0.0.51/modules
2024-04-25T00:28:48.297Z 2: ✅ webContents.created web1 ""
2024-04-25T00:28:48.300Z 3: ✅ window.created win1 "discord"
2024-04-25T00:28:48.574Z 4: ✅ webContents.did-finish-load web1
2024-04-25T00:28:56.031Z 5: ✅ webContents.created web2 ""
2024-04-25T00:28:56.038Z 6: ✅ window.created win2 "Discord"
2024-04-25T00:28:58.507Z 7: ✅ webContents.did-finish-load web2
2024-04-25T00:28:58.603Z 8: window.close win1
2024-04-25T00:28:58.631Z 9: webContents.destroyed web1
2024-04-25T00:28:58.634Z 10: window.closed win1
2024-04-25T00:30:18.424Z 11: before-quit
2024-04-25T00:30:18.428Z 12: window.close win2
2024-04-25T00:30:18.532Z 13: webContents.destroyed web2
2024-04-25T00:30:45.196Z 0: 

----------------------------------------------
2024-04-25T00:30:45.220Z 1: Discord starting: {"releaseChannel":"stable","version":"0.0.51"}, modulepath: /home/archvisions/.config/discord/0.0.51/modules
2024-04-25T00:30:45.232Z 2: ✅ webContents.created web1 ""
2024-04-25T00:30:45.236Z 3: ✅ window.created win1 "discord"
2024-04-25T00:30:45.476Z 4: ✅ webContents.did-finish-load web1
2024-04-25T00:30:45.813Z 5: ✅ webContents.created web2 ""
2024-04-25T00:30:45.821Z 6: ✅ window.created win2 "Discord"
2024-04-25T00:30:48.939Z 7: ✅ webContents.did-finish-load web2
2024-04-25T00:30:49.034Z 8: window.close win1
2024-04-25T00:30:49.128Z 9: webContents.destroyed web1
2024-04-25T00:30:49.137Z 10: window.closed win1
2024-04-25T00:30:51.190Z 11: ✅ webContents.did-finish-load web2
2024-04-25T00:31:41.954Z 12: ✅ webContents.created web3 ""
2024-04-25T00:31:41.965Z 13: ✅ window.created win3 "Vencord QuickCSS Editor"
2024-04-25T00:31:43.416Z 14: ✅ webContents.did-finish-load web3
2024-04-25T00:32:08.864Z 15: window.close win3
2024-04-25T00:32:08.874Z 16: webContents.destroyed web3
2024-04-25T00:32:08.883Z 17: window.closed win3
2024-04-25T00:37:04.069Z 18: window.close win2
2024-04-25T01:03:05.359Z 0: 

----------------------------------------------
2024-04-25T01:03:05.369Z 1: Discord starting: {"releaseChannel":"stable","version":"0.0.51"}, modulepath: /home/archvisions/.config/discord/0.0.51/modules
2024-04-25T01:03:11.747Z 19: window.close win2
2024-04-25T01:06:16.549Z 0: 

----------------------------------------------
2024-04-25T01:06:16.564Z 1: Discord starting: {"releaseChannel":"stable","version":"0.0.51"}, modulepath: /home/archvisions/.config/discord/0.0.51/modules
2024-04-25T01:06:16.572Z 2: ✅ webContents.created web1 ""
2024-04-25T01:06:16.576Z 3: ✅ window.created win1 "discord"
2024-04-25T01:06:16.754Z 4: ✅ webContents.did-finish-load web1
2024-04-25T01:06:17.013Z 5: ✅ webContents.created web2 ""
2024-04-25T01:06:17.021Z 6: ✅ window.created win2 "Discord"
2024-04-25T01:06:18.346Z 7: ✅ webContents.did-finish-load web2
2024-04-25T01:06:18.444Z 8: window.close win1
2024-04-25T01:06:18.461Z 9: webContents.destroyed web1
2024-04-25T01:06:18.464Z 10: window.closed win1
2024-04-25T01:06:24.854Z 11: window.close win2
2024-04-25T01:07:20.859Z 0: 

----------------------------------------------
2024-04-25T01:07:20.871Z 1: Discord starting: {"releaseChannel":"stable","version":"0.0.51"}, modulepath: /home/archvisions/.config/discord/0.0.51/modules
2024-04-25T01:07:20.879Z 2: ✅ webContents.created web1 ""
2024-04-25T01:07:20.881Z 3: ✅ window.created win1 "discord"
2024-04-25T01:07:21.078Z 4: ✅ webContents.did-finish-load web1
2024-04-25T01:07:21.362Z 5: ✅ webContents.created web2 ""
2024-04-25T01:07:21.365Z 6: ✅ window.created win2 "Discord"
2024-04-25T01:07:22.625Z 7: ✅ webContents.did-finish-load web2
2024-04-25T01:07:22.721Z 8: window.close win1
2024-04-25T01:07:22.744Z 9: webContents.destroyed web1
2024-04-25T01:07:22.746Z 10: window.closed win1
2024-04-25T01:08:15.784Z 0: 

----------------------------------------------
2024-04-25T01:08:15.796Z 1: Discord starting: {"releaseChannel":"stable","version":"0.0.51"}, modulepath: /home/archvisions/.config/discord/0.0.51/modules
2024-04-25T01:08:15.805Z 2: ✅ webContents.created web1 ""
2024-04-25T01:08:15.808Z 3: ✅ window.created win1 "discord"
2024-04-25T01:08:15.979Z 4: ✅ webContents.did-finish-load web1
2024-04-25T01:08:16.825Z 5: ✅ webContents.created web2 ""
2024-04-25T01:08:16.829Z 6: ✅ window.created win2 "Discord"
2024-04-25T01:08:18.372Z 7: ✅ webContents.did-finish-load web2
2024-04-25T01:08:18.470Z 8: window.close win1
2024-04-25T01:08:18.490Z 9: webContents.destroyed web1
2024-04-25T01:08:18.493Z 10: window.closed win1
2024-04-25T01:08:35.418Z 11: window.close win2
2024-04-25T13:53:02.114Z 0: 

----------------------------------------------
2024-04-25T13:53:02.135Z 1: Discord starting: {"releaseChannel":"stable","version":"0.0.51"}, modulepath: /home/archvisions/.config/discord/0.0.51/modules
2024-04-25T13:53:02.145Z 2: ✅ webContents.created web1 ""
2024-04-25T13:53:02.149Z 3: ✅ window.created win1 "discord"
2024-04-25T13:53:02.405Z 4: ✅ webContents.did-finish-load web1
2024-04-25T13:53:02.733Z 5: ✅ webContents.created web2 ""
2024-04-25T13:53:02.738Z 6: ✅ window.created win2 "Discord"
2024-04-25T13:53:04.401Z 7: ✅ webContents.did-finish-load web2
2024-04-25T13:53:04.498Z 8: window.close win1
2024-04-25T13:53:04.517Z 9: webContents.destroyed web1
2024-04-25T13:53:04.523Z 10: window.closed win1
2024-04-25T13:53:27.594Z 11: window.close win2
2024-04-25T14:27:11.646Z 0: 

----------------------------------------------
2024-04-25T14:27:11.675Z 1: Discord starting: {"releaseChannel":"stable","version":"0.0.51"}, modulepath: /home/archvisions/.config/discord/0.0.51/modules
2024-04-25T14:27:11.694Z 2: ✅ webContents.created web1 ""
2024-04-25T14:27:11.697Z 3: ✅ window.created win1 "discord"
2024-04-25T14:27:11.889Z 4: ✅ webContents.did-finish-load web1
2024-04-25T14:27:12.213Z 5: ✅ webContents.created web2 ""
2024-04-25T14:27:12.220Z 6: ✅ window.created win2 "Discord"
2024-04-25T14:27:14.148Z 7: ✅ webContents.did-finish-load web2
2024-04-25T14:27:14.244Z 8: window.close win1
2024-04-25T14:27:14.267Z 9: webContents.destroyed web1
2024-04-25T14:27:14.274Z 10: window.closed win1
2024-04-25T14:27:22.532Z 11: window.close win2
2024-04-25T14:30:18.705Z 0: 

----------------------------------------------
2024-04-25T14:30:18.728Z 1: Discord starting: {"releaseChannel":"stable","version":"0.0.51"}, modulepath: /home/archvisions/.config/discord/0.0.51/modules
2024-04-25T14:30:18.739Z 2: ✅ webContents.created web1 ""
2024-04-25T14:30:18.745Z 3: ✅ window.created win1 "discord"
2024-04-25T14:30:19.004Z 4: ✅ webContents.did-finish-load web1
2024-04-25T14:30:19.326Z 5: ✅ webContents.created web2 ""
2024-04-25T14:30:19.333Z 6: ✅ window.created win2 "Discord"
2024-04-25T14:30:21.256Z 7: ✅ webContents.did-finish-load web2
2024-04-25T14:30:21.352Z 8: window.close win1
2024-04-25T14:30:21.385Z 9: webContents.destroyed web1
2024-04-25T14:30:21.389Z 10: window.closed win1
2024-04-25T14:30:24.567Z 11: window.close win2
2024-04-25T14:43:32.242Z 0: 

----------------------------------------------
2024-04-25T14:43:32.269Z 1: Discord starting: {"releaseChannel":"stable","version":"0.0.51"}, modulepath: /home/archvisions/.config/discord/0.0.51/modules
2024-04-25T14:43:32.282Z 2: ✅ webContents.created web1 ""
2024-04-25T14:43:32.286Z 3: ✅ window.created win1 "discord"
2024-04-25T14:43:32.511Z 4: ✅ webContents.did-finish-load web1
2024-04-25T14:43:32.802Z 5: ✅ webContents.created web2 ""
2024-04-25T14:43:32.810Z 6: ✅ window.created win2 "Discord"
2024-04-25T14:43:34.627Z 7: ✅ webContents.did-finish-load web2
2024-04-25T14:43:34.723Z 8: window.close win1
2024-04-25T14:43:34.744Z 9: webContents.destroyed web1
2024-04-25T14:43:34.747Z 10: window.closed win1
2024-04-25T14:44:35.122Z 11: window.close win2
2024-04-25T15:53:42.291Z 0: 

----------------------------------------------
2024-04-25T15:53:42.313Z 1: Discord starting: {"releaseChannel":"stable","version":"0.0.51"}, modulepath: /home/archvisions/.config/discord/0.0.51/modules
2024-04-25T15:53:42.326Z 2: ✅ webContents.created web1 ""
2024-04-25T15:53:42.328Z 3: ✅ window.created win1 "discord"
2024-04-25T15:53:42.513Z 4: ✅ webContents.did-finish-load web1
2024-04-25T15:53:42.818Z 5: ✅ webContents.created web2 ""
2024-04-25T15:53:42.824Z 6: ✅ window.created win2 "Discord"
2024-04-25T15:53:44.186Z 7: ✅ webContents.did-finish-load web2
2024-04-25T15:53:44.282Z 8: window.close win1
2024-04-25T15:53:44.296Z 9: webContents.destroyed web1
2024-04-25T15:53:44.299Z 10: window.closed win1
2024-04-25T15:53:49.965Z 11: before-quit
2024-04-25T15:53:49.968Z 12: window.close win2
2024-04-25T15:53:49.978Z 13: webContents.destroyed web2
2024-04-25T22:35:07.426Z 0: 

----------------------------------------------
2024-04-25T22:35:07.443Z 1: Discord starting: {"releaseChannel":"stable","version":"0.0.51"}, modulepath: /home/archvisions/.config/discord/0.0.51/modules
2024-04-25T22:35:07.454Z 2: ✅ webContents.created web1 ""
2024-04-25T22:35:07.458Z 3: ✅ window.created win1 "discord"
2024-04-25T22:35:07.665Z 4: ✅ webContents.did-finish-load web1
2024-04-25T22:35:08.021Z 5: ✅ webContents.created web2 ""
2024-04-25T22:35:08.028Z 6: ✅ window.created win2 "Discord"
2024-04-25T22:35:10.329Z 7: ✅ webContents.did-finish-load web2
2024-04-25T22:35:10.424Z 8: window.close win1
2024-04-25T22:35:10.442Z 9: webContents.destroyed web1
2024-04-25T22:35:10.445Z 10: window.closed win1
2024-04-25T22:36:27.000Z 11: window.close win2
